<?xml version="1.0" encoding="UTF-8"?>
<!-- Generated by org.testng.reporters.JUnitXMLReporter -->
<testsuite hostname="PINKYPRIYA" ignored="0" name="Test" tests="4" failures="0" timestamp="24 Sep 2021 12:46:22 GMT" time="35.953" errors="0">
  <testcase name="basePageNavigation" time="9.733" classname="Academy.HomePage"/>
  <testcase name="basePageNavigation" time="4.934" classname="Academy.HomePage"/>
  <testcase name="basePageNavigation" time="0.101" classname="Academy.ValidateTitle"/>
  <testcase name="basePageNavigation" time="0.161" classname="Academy.validateNavigationBar"/>
</testsuite> <!-- Test -->
