<?xml version="1.0" encoding="UTF-8"?>
<!-- Generated by org.testng.reporters.JUnitXMLReporter -->
<testsuite hostname="PINKYPRIYA" ignored="0" name="Validating the tittle" tests="1" failures="1" timestamp="27 Sep 2021 11:53:04 GMT" time="74.276" errors="0">
  <testcase name="validateTitle" time="1.432" classname="Academy.ValidateTitle">
    <failure type="junit.framework.ComparisonFailure" message="expected:&amp;lt;......&amp;gt; but was:&amp;lt;...123...&amp;gt;">
      <![CDATA[junit.framework.ComparisonFailure: expected:<......> but was:<...123...>
at junit.framework.Assert.assertEquals(Assert.java:81)
at junit.framework.Assert.assertEquals(Assert.java:87)
at Academy.ValidateTitle.validateTitle(ValidateTitle.java:26)
at java.util.concurrent.FutureTask.run(Unknown Source)
at java.util.concurrent.ThreadPoolExecutor.runWorker(Unknown Source)
at java.util.concurrent.ThreadPoolExecutor$Worker.run(Unknown Source)
at java.lang.Thread.run(Unknown Source)
... Removed 16 stack frames]]>
    </failure>
  </testcase> <!-- validateTitle -->
</testsuite> <!-- Validating the tittle -->
