<?xml version="1.0" encoding="UTF-8"?>
<!-- Generated by org.testng.reporters.JUnitXMLReporter -->
<testsuite hostname="PINKYPRIYA" ignored="0" name="Test" tests="4" failures="0" timestamp="24 Sep 2021 14:00:14 GMT" time="59.54" errors="0">
  <testcase name="basePageNavigation" time="10.058" classname="Academy.HomePage"/>
  <testcase name="basePageNavigation" time="6.765" classname="Academy.HomePage"/>
  <testcase name="basePageNavigation" time="0.091" classname="Academy.ValidateTitle"/>
  <testcase name="basePageNavigation" time="0.212" classname="Academy.validateNavigationBar"/>
</testsuite> <!-- Test -->
