<?xml version="1.0" encoding="UTF-8"?>
<!-- Generated by org.testng.reporters.JUnitXMLReporter -->
<testsuite hostname="PINKYPRIYA" ignored="1" name="Test(failed)" tests="1" failures="0" timestamp="26 Sep 2021 08:29:49 GMT" time="21.508" errors="0">
  <testcase name="basePageNavigation" time="0.252" classname="Academy.validateNavigationBar"/>
  <testcase name="validateTitle" time="0.0" classname="Academy.ValidateTitle">
    <ignored/>
  </testcase> <!-- validateTitle -->
</testsuite> <!-- Test(failed) -->
