<?xml version="1.0" encoding="UTF-8"?>
<testng-results skipped="0" failed="1" ignored="0" total="4" passed="3">
  <reporter-output>
  </reporter-output>
  <suite name="Suite" duration-ms="40183" started-at="2021-09-27T14:43:14Z" finished-at="2021-09-27T14:43:54Z">
    <groups>
    </groups>
    <test name="Navigation bar validation" duration-ms="34033" started-at="2021-09-27T14:43:14Z" finished-at="2021-09-27T14:43:48Z">
      <class name="Academy.validateNavigationBar">
        <test-method status="PASS" signature="initialize()[pri:0, instance:Academy.validateNavigationBar@757277dc]" name="initialize" is-config="true" duration-ms="28941" started-at="2021-09-27T14:43:14Z" finished-at="2021-09-27T14:43:43Z">
          <reporter-output>
          </reporter-output>
        </test-method> <!-- initialize -->
        <test-method status="PASS" signature="basePageNavigation()[pri:0, instance:Academy.validateNavigationBar@757277dc]" name="basePageNavigation" duration-ms="1676" started-at="2021-09-27T14:43:43Z" finished-at="2021-09-27T14:43:45Z">
          <reporter-output>
          </reporter-output>
        </test-method> <!-- basePageNavigation -->
        <test-method status="PASS" signature="teardown()[pri:0, instance:Academy.validateNavigationBar@757277dc]" name="teardown" is-config="true" duration-ms="3407" started-at="2021-09-27T14:43:45Z" finished-at="2021-09-27T14:43:48Z">
          <reporter-output>
          </reporter-output>
        </test-method> <!-- teardown -->
      </class> <!-- Academy.validateNavigationBar -->
    </test> <!-- Navigation bar validation -->
    <test name="Validating the tittle" duration-ms="36809" started-at="2021-09-27T14:43:14Z" finished-at="2021-09-27T14:43:51Z">
      <class name="Academy.ValidateTitle">
        <test-method status="PASS" signature="initialize()[pri:0, instance:Academy.ValidateTitle@7494f96a]" name="initialize" is-config="true" duration-ms="29090" started-at="2021-09-27T14:43:14Z" finished-at="2021-09-27T14:43:43Z">
          <reporter-output>
          </reporter-output>
        </test-method> <!-- initialize -->
        <test-method status="FAIL" signature="validateTitle()[pri:0, instance:Academy.ValidateTitle@7494f96a]" name="validateTitle" duration-ms="1144" started-at="2021-09-27T14:43:43Z" finished-at="2021-09-27T14:43:44Z">
          <exception class="junit.framework.ComparisonFailure">
            <message>
              <![CDATA[expected:<......> but was:<...123...>]]>
            </message>
            <full-stacktrace>
              <![CDATA[junit.framework.ComparisonFailure: expected:<......> but was:<...123...>
at junit.framework.Assert.assertEquals(Assert.java:81)
at junit.framework.Assert.assertEquals(Assert.java:87)
at Academy.ValidateTitle.validateTitle(ValidateTitle.java:26)
at sun.reflect.NativeMethodAccessorImpl.invoke0(Native Method)
at sun.reflect.NativeMethodAccessorImpl.invoke(NativeMethodAccessorImpl.java:62)
at sun.reflect.DelegatingMethodAccessorImpl.invoke(DelegatingMethodAccessorImpl.java:43)
at java.lang.reflect.Method.invoke(Method.java:498)
at org.testng.internal.MethodInvocationHelper.invokeMethod(MethodInvocationHelper.java:124)
at org.testng.internal.Invoker.invokeMethod(Invoker.java:583)
at org.testng.internal.Invoker.invokeTestMethod(Invoker.java:719)
at org.testng.internal.Invoker.invokeTestMethods(Invoker.java:989)
at org.testng.internal.TestMethodWorker.invokeTestMethods(TestMethodWorker.java:125)
at org.testng.internal.TestMethodWorker.run(TestMethodWorker.java:109)
at org.testng.TestRunner.privateRun(TestRunner.java:648)
at org.testng.TestRunner.run(TestRunner.java:505)
at org.testng.SuiteRunner.runTest(SuiteRunner.java:455)
at org.testng.SuiteRunner.access$000(SuiteRunner.java:40)
at org.testng.SuiteRunner$SuiteWorker.run(SuiteRunner.java:489)
at org.testng.internal.thread.ThreadUtil$1.call(ThreadUtil.java:52)
at java.util.concurrent.FutureTask.run(FutureTask.java:266)
at java.util.concurrent.ThreadPoolExecutor.runWorker(ThreadPoolExecutor.java:1149)
at java.util.concurrent.ThreadPoolExecutor$Worker.run(ThreadPoolExecutor.java:624)
at java.lang.Thread.run(Thread.java:748)
]]>
            </full-stacktrace>
          </exception> <!-- junit.framework.ComparisonFailure -->
          <reporter-output>
          </reporter-output>
        </test-method> <!-- validateTitle -->
        <test-method status="PASS" signature="teardown()[pri:0, instance:Academy.ValidateTitle@7494f96a]" name="teardown" is-config="true" duration-ms="2774" started-at="2021-09-27T14:43:48Z" finished-at="2021-09-27T14:43:51Z">
          <reporter-output>
          </reporter-output>
        </test-method> <!-- teardown -->
      </class> <!-- Academy.ValidateTitle -->
    </test> <!-- Validating the tittle -->
    <test name="Homepage landing" duration-ms="40183" started-at="2021-09-27T14:43:14Z" finished-at="2021-09-27T14:43:54Z">
      <class name="Academy.HomePage">
        <test-method status="PASS" signature="initialize()[pri:0, instance:Academy.HomePage@305b7c14]" name="initialize" is-config="true" duration-ms="6335" started-at="2021-09-27T14:43:14Z" finished-at="2021-09-27T14:43:20Z">
          <reporter-output>
          </reporter-output>
        </test-method> <!-- initialize -->
        <test-method status="PASS" signature="basePageNavigation(java.lang.String, java.lang.String, java.lang.String)[pri:0, instance:Academy.HomePage@305b7c14]" name="basePageNavigation" duration-ms="29809" started-at="2021-09-27T14:43:20Z" data-provider="getData" finished-at="2021-09-27T14:43:50Z">
          <params>
            <param index="0">
              <value>
                <![CDATA[restricted_user@123]]>
              </value>
            </param>
            <param index="1">
              <value>
                <![CDATA[user@123]]>
              </value>
            </param>
            <param index="2">
              <value>
                <![CDATA[restricteduser]]>
              </value>
            </param>
          </params>
          <reporter-output>
          </reporter-output>
        </test-method> <!-- basePageNavigation -->
        <test-method status="PASS" signature="basePageNavigation(java.lang.String, java.lang.String, java.lang.String)[pri:0, instance:Academy.HomePage@305b7c14]" name="basePageNavigation" duration-ms="3884" started-at="2021-09-27T14:43:50Z" data-provider="getData" finished-at="2021-09-27T14:43:54Z">
          <params>
            <param index="0">
              <value>
                <![CDATA[unres_user@456]]>
              </value>
            </param>
            <param index="1">
              <value>
                <![CDATA[user@456]]>
              </value>
            </param>
            <param index="2">
              <value>
                <![CDATA[unrestricted]]>
              </value>
            </param>
          </params>
          <reporter-output>
          </reporter-output>
        </test-method> <!-- basePageNavigation -->
        <test-method status="PASS" signature="teardown()[pri:0, instance:Academy.HomePage@305b7c14]" name="teardown" is-config="true" duration-ms="85" started-at="2021-09-27T14:43:54Z" finished-at="2021-09-27T14:43:54Z">
          <reporter-output>
          </reporter-output>
        </test-method> <!-- teardown -->
      </class> <!-- Academy.HomePage -->
    </test> <!-- Homepage landing -->
  </suite> <!-- Suite -->
</testng-results>
