<?xml version="1.0" encoding="UTF-8"?>
<testsuite xmlns:xsi="http://www.w3.org/2001/XMLSchema-instance" xsi:noNamespaceSchemaLocation="https://maven.apache.org/surefire/maven-surefire-plugin/xsd/surefire-test-report.xsd" name="TestSuite" time="42.855" tests="4" errors="0" skipped="0" failures="1">
  <properties>
[...]
</properties>
  <testcase name="validateTitle" classname="Academy.ValidateTitle" time="1.309">
    <failure message="expected:&lt;......&gt; but was:&lt;...123...&gt;" type="junit.framework.ComparisonFailure"><![CDATA[junit.framework.ComparisonFailure: expected:<......> but was:<...123...>
	at Academy.ValidateTitle.validateTitle(ValidateTitle.java:26)
]]></failure>
    <system-out><![CDATA[chrome
chrome
chrome
]]></system-out>
    <system-err><![CDATA[Starting ChromeDriver 92.0.4515.107 (87a818b10553a07434ea9e2b6dccf3cbe7895134-refs/branch-heads/4515@{#1634}) on port 45172
Only local connections are allowed.
Please see https://chromedriver.chromium.org/security-consideratStarting ChromeDriver 92.0.4515.107 (87a818b10553a07434ea9e2b6dccf3cbe7895134-refs/branch-heads/4515@{#1634}) on port 46010
Only local connections are allowed.
Please see https://chromedriver.chromium.org/security-considerations for suggestions on keeping ChromeDriver safe.
ions for suggestions on keeping ChromeDriver safe.
ChromeDriver was started successfully.
ChromeDriver was started successfully.
Starting ChromeDriver 92.0.4515.107 (87a818b10553a07434ea9e2b6dccf3cbe7895134-refs/branch-heads/4515@{#1634}) on port 8385
Only local connections are allowed.
Please see https://chromedriver.chromium.org/security-considerations for suggestions on keeping ChromeDriver safe.
ChromeDriver was started successfully.
[1632753799.166][WARNING]: This version of ChromeDriver has not been tested with Chrome version 93.
[1632753799.728][WARNING]: This version of ChromeDriver has not been tested with Chrome version 93.
Sep 27, 2021 8:13:19 PM org.openqa.selenium.remote.ProtocolHandshake createSession
INFO: Detected dialect: W3C
Sep 27, 2021 8:13:20 PM org.openqa.selenium.remote.ProtocolHandshake createSession
INFO: Detected dialect: W3C
[1632753800.431][WARNING]: This version of ChromeDriver has not been tested with Chrome version 93.
Sep 27, 2021 8:13:20 PM org.openqa.selenium.remote.ProtocolHandshake createSession
INFO: Detected dialect: W3C
]]></system-err>
  </testcase>
  <testcase name="basePageNavigation" classname="Academy.validateNavigationBar" time="1.511"/>
  <testcase name="basePageNavigation" classname="Academy.HomePage" time="7.093"/>
  <testcase name="basePageNavigation" classname="Academy.HomePage" time="3.881"/>
</testsuite>